<?xml version="1.0" encoding="utf-8"?><testsuites name="pytest tests"><testsuite name="pytest" errors="0" failures="2" skipped="0" tests="40" time="13.345" timestamp="2026-01-17T04:59:16.059590+00:00" hostname="agent-env-8fd4a671-6f5e-47c6-91b8-82cbb9d30c9b"><testcase classname="tests.test_new_features.TestSystemSettings" name="test_get_settings_as_admin" time="0.373" /><testcase classname="tests.test_new_features.TestSystemSettings" name="test_get_settings_as_case_manager" time="0.330" /><testcase classname="tests.test_new_features.TestSystemSettings" name="test_get_settings_as_client" time="0.350" /><testcase classname="tests.test_new_features.TestSystemSettings" name="test_update_settings_as_admin" time="0.418" /><testcase classname="tests.test_new_features.TestSystemSettings" name="test_update_settings_as_case_manager_forbidden" time="0.295" /><testcase classname="tests.test_new_features.TestSystemSettings" name="test_update_settings_as_client_forbidden" time="0.310" /><testcase classname="tests.test_new_features.TestCaseFiltering" name="test_get_all_cases" time="0.296" /><testcase classname="tests.test_new_features.TestCaseFiltering" name="test_get_case_managers_for_filter" time="0.333" /><testcase classname="tests.test_new_features.TestDocumentExpiryValidity" name="test_create_product_with_document_expiry" time="0.408" /><testcase classname="tests.test_new_features.TestCaseManagerWorkflowCustomization" name="test_custom_doc_request_when_disabled" time="0.635" /><testcase classname="tests.test_new_features.TestCaseManagerWorkflowCustomization" name="test_custom_doc_request_when_enabled" time="0.672" /><testcase classname="tests.test_new_features.TestCaseManagerWorkflowCustomization" name="test_admin_can_always_request_custom_doc" time="0.375" /><testcase classname="tests.test_new_features.TestAdditionalDocumentRequest" name="test_request_additional_document" time="0.357" /><testcase classname="tests.test_leamss_api.TestAuthentication" name="test_admin_login" time="0.260" /><testcase classname="tests.test_leamss_api.TestAuthentication" name="test_case_manager_login" time="0.269" /><testcase classname="tests.test_leamss_api.TestAuthentication" name="test_partner_login" time="0.301" /><testcase classname="tests.test_leamss_api.TestAuthentication" name="test_client_login" time="0.256" /><testcase classname="tests.test_leamss_api.TestAuthentication" name="test_invalid_login" time="0.033" /><testcase classname="tests.test_leamss_api.TestProducts" name="test_get_products" time="0.304" /><testcase classname="tests.test_leamss_api.TestProducts" name="test_create_product_fixed_commission" time="0.301" /><testcase classname="tests.test_leamss_api.TestProducts" name="test_create_product_tiered_commission" time="0.299" /><testcase classname="tests.test_leamss_api.TestProducts" name="test_create_product_custom_commission" time="0.292" /><testcase classname="tests.test_leamss_api.TestProducts" name="test_verify_commission_types_in_products_list" time="0.303" /><testcase classname="tests.test_leamss_api.TestProducts" name="test_delete_test_products" time="0.487" /><testcase classname="tests.test_leamss_api.TestSalesApproval" name="test_get_pending_sales" time="0.312" /><testcase classname="tests.test_leamss_api.TestSalesApproval" name="test_get_partner_sales" time="0.311" /><testcase classname="tests.test_leamss_api.TestSalesApproval" name="test_get_case_managers" time="0.299" /><testcase classname="tests.test_leamss_api.TestCases" name="test_admin_get_all_cases" time="0.310" /><testcase classname="tests.test_leamss_api.TestCases" name="test_manager_get_my_cases" time="0.319" /><testcase classname="tests.test_leamss_api.TestCases" name="test_client_get_my_cases" time="0.328" /><testcase classname="tests.test_leamss_api.TestCases" name="test_case_has_workflow_steps" time="0.296" /><testcase classname="tests.test_leamss_api.TestDocuments" name="test_get_case_documents" time="0.336" /><testcase classname="tests.test_leamss_api.TestTickets" name="test_get_my_tickets" time="0.296"><failure message="assert 404 == 200&#10; +  where 404 = &lt;Response [404]&gt;.status_code">tests/test_leamss_api.py:327: in test_get_my_tickets
    assert response.status_code == 200
E   assert 404 == 200
E    +  where 404 = &lt;Response [404]&gt;.status_code</failure></testcase><testcase classname="tests.test_leamss_api.TestTickets" name="test_admin_get_all_tickets" time="0.300"><failure message="assert 404 == 200&#10; +  where 404 = &lt;Response [404]&gt;.status_code">tests/test_leamss_api.py:336: in test_admin_get_all_tickets
    assert response.status_code == 200
E   assert 404 == 200
E    +  where 404 = &lt;Response [404]&gt;.status_code</failure></testcase><testcase classname="tests.test_leamss_api.TestNotifications" name="test_get_notifications" time="0.296" /><testcase classname="tests.test_leamss_api.TestDashboardStats" name="test_admin_dashboard_stats" time="0.298" /><testcase classname="tests.test_leamss_api.TestDashboardStats" name="test_partner_dashboard_stats" time="0.291" /><testcase classname="tests.test_leamss_api.TestDashboardStats" name="test_manager_dashboard_stats" time="0.311" /><testcase classname="tests.test_leamss_api.TestDashboardStats" name="test_client_dashboard_stats" time="0.303" /><testcase classname="tests.test_leamss_api.TestUserManagement" name="test_get_all_users" time="0.290" /></testsuite></testsuites>